<?xml version="1.0" encoding="UTF-8"?>
<!-- Generated by org.testng.reporters.JUnitReportReporter -->
<testsuite hostname="DESKTOP-J7DRRNI" failures="0" tests="1" name="Academy.E2Eproject.navigationBar" time="61.138" errors="0" timestamp="2021-05-14T11:32:12 IST" skipped="0">
  <testcase classname="Academy.E2Eproject.navigationBar" name="basePageNavigation" time="61.138"/>
  <system-out/>
</testsuite> <!-- Academy.E2Eproject.navigationBar -->
