<?xml version="1.0" encoding="UTF-8"?>
<!-- Generated by org.testng.reporters.JUnitReportReporter -->
<testsuite hostname="DESKTOP-J7DRRNI" failures="0" tests="1" name="com.testCase.RedBusTest" time="58.613" errors="0" timestamp="2021-04-10T20:54:45 IST" skipped="0">
  <testcase classname="com.testCase.RedBusTest" name="f" time="58.613"/>
  <system-out/>
</testsuite> <!-- com.testCase.RedBusTest -->
