<?xml version="1.0" encoding="UTF-8"?>
<!-- Generated by org.testng.reporters.JUnitReportReporter -->
<testsuite hostname="DESKTOP-J7DRRNI" failures="0" tests="1" name="com.qaclick.BaseTest.ValidateTitle" time="0.428" errors="0" timestamp="2021-05-12T14:55:48 IST" skipped="0">
  <testcase classname="com.qaclick.BaseTest.ValidateTitle" name="title" time="0.428"/>
  <system-out/>
</testsuite> <!-- com.qaclick.BaseTest.ValidateTitle -->
